50005000
49994999
49984998
49974997
49964996
49954995
49944994
49934993
49924992
49914991
49904990
49894989
49884988
49874987
49864986
49854985
49844984
49834983
49824982
49814981
49804980
49794979
49784978
49774977
49764976
49754975
49744974
49734973
49724972
49714971
49704970
49694969
49684968
49674967
49664966
49654965
49644964
49634963
49624962
49614961
49604960
49594959
49584958
49574957
49564956
49554955
49544954
49534953
49524952
49514951
49504950
49494949
49484948
49474947
49464946
49454945
49444944
49434943
49424942
49414941
49404940
49394939
49384938
49374937
49364936
49354935
49344934
49334933
49324932
49314931
49304930
49294929
49284928
49274927
49264926
49254925
49244924
49234923
49224922
49214921
49204920
49194919
49184918
49174917
49164916
49154915
49144914
49134913
49124912
49114911
49104910
49094909
49084908
49074907
49064906
49054905
49044904
49034903
49024902
49014901
49004900
48994899
48984898
48974897
48964896
48954895
48944894
48934893
48924892
48914891
48904890
48894889
48884888
48874887
48864886
48854885
48844884
48834883
48824882
48814881
48804880
48794879
48784878
48774877
48764876
48754875
48744874
48734873
48724872
48714871
48704870
48694869
48684868
48674867
48664866
48654865
48644864
48634863
48624862
48614861
48604860
48594859
48584858
48574857
48564856
48554855
48544854
48534853
48524852
48514851
48504850
48494849
48484848
48474847
48464846
48454845
48444844
48434843
48424842
48414841
48404840
48394839
48384838
48374837
48364836
48354835
48344834
48334833
48324832
48314831
48304830
48294829
48284828
48274827
48264826
48254825
48244824
48234823
48224822
48214821
48204820
48194819
48184818
48174817
48164816
48154815
48144814
48134813
48124812
48114811
48104810
48094809
48084808
48074807
48064806
48054805
48044804
48034803
48024802
48014801
48004800
47994799
47984798
47974797
47964796
47954795
47944794
47934793
47924792
47914791
47904790
47894789
47884788
47874787
47864786
47854785
47844784
47834783
47824782
47814781
47804780
47794779
47784778
47774777
47764776
47754775
47744774
47734773
47724772
47714771
47704770
47694769
47684768
47674767
47664766
47654765
47644764
47634763
47624762
47614761
47604760
47594759
47584758
47574757
47564756
47554755
47544754
47534753
47524752
47514751
47504750
47494749
47484748
47474747
47464746
47454745
47444744
47434743
47424742
47414741
47404740
47394739
47384738
47374737
47364736
47354735
47344734
47334733
47324732
47314731
47304730
47294729
47284728
47274727
47264726
47254725
47244724
47234723
47224722
47214721
47204720
47194719
47184718
47174717
47164716
47154715
47144714
47134713
47124712
47114711
47104710
47094709
47084708
47074707
47064706
47054705
47044704
47034703
47024702
47014701
47004700
46994699
46984698
46974697
46964696
46954695
46944694
46934693
46924692
46914691
46904690
46894689
46884688
46874687
46864686
46854685
46844684
46834683
46824682
46814681
46804680
46794679
46784678
46774677
46764676
46754675
46744674
46734673
46724672
46714671
46704670
46694669
46684668
46674667
46664666
46654665
46644664
46634663
46624662
46614661
46604660
46594659
46584658
46574657
46564656
46554655
46544654
46534653
46524652
46514651
46504650
46494649
46484648
46474647
46464646
46454645
46444644
46434643
46424642
46414641
46404640
46394639
46384638
46374637
46364636
46354635
46344634
46334633
46324632
46314631
46304630
46294629
46284628
46274627
46264626
46254625
46244624
46234623
46224622
46214621
46204620
46194619
46184618
46174617
46164616
46154615
46144614
46134613
46124612
46114611
46104610
46094609
46084608
46074607
46064606
46054605
46044604
46034603
46024602
46014601
46004600
45994599
45984598
45974597
45964596
45954595
45944594
45934593
45924592
45914591
45904590
45894589
45884588
45874587
45864586
45854585
45844584
45834583
45824582
45814581
45804580
45794579
45784578
45774577
45764576
45754575
45744574
45734573
45724572
45714571
45704570
45694569
45684568
45674567
45664566
45654565
45644564
45634563
45624562
45614561
45604560
45594559
45584558
45574557
45564556
45554555
45544554
45534553
45524552
45514551
45504550
45494549
45484548
45474547
45464546
45454545
45444544
45434543
45424542
45414541
45404540
45394539
45384538
45374537
45364536
45354535
45344534
45334533
45324532
45314531
45304530
45294529
45284528
45274527
45264526
45254525
45244524
45234523
45224522
45214521
45204520
45194519
45184518
45174517
45164516
45154515
45144514
45134513
45124512
45114511
45104510
45094509
45084508
45074507
45064506
45054505
45044504
45034503
45024502
45014501
45004500
44994499
44984498
44974497
44964496
44954495
44944494
44934493
44924492
44914491
44904490
44894489
44884488
44874487
44864486
44854485
44844484
44834483
44824482
44814481
44804480
44794479
44784478
44774477
44764476
44754475
44744474
44734473
44724472
44714471
44704470
44694469
44684468
44674467
44664466
44654465
44644464
44634463
44624462
44614461
44604460
44594459
44584458
44574457
44564456
44554455
44544454
44534453
44524452
44514451
44504450
44494449
44484448
44474447
44464446
44454445
44444444
44434443
44424442
44414441
44404440
44394439
44384438
44374437
44364436
44354435
44344434
44334433
44324432
44314431
44304430
44294429
44284428
44274427
44264426
44254425
44244424
44234423
44224422
44214421
44204420
44194419
44184418
44174417
44164416
44154415
44144414
44134413
44124412
44114411
44104410
44094409
44084408
44074407
44064406
44054405
44044404
44034403
44024402
44014401
44004400
43994399
43984398
43974397
43964396
43954395
43944394
43934393
43924392
43914391
43904390
43894389
43884388
43874387
43864386
43854385
43844384
43834383
43824382
43814381
43804380
43794379
43784378
43774377
43764376
43754375
43744374
43734373
43724372
43714371
43704370
43694369
43684368
43674367
43664366
43654365
43644364
43634363
43624362
43614361
43604360
43594359
43584358
43574357
43564356
43554355
43544354
43534353
43524352
43514351
43504350
43494349
43484348
43474347
43464346
43454345
43444344
43434343
43424342
43414341
43404340
43394339
43384338
43374337
43364336
43354335
43344334
43334333
43324332
43314331
43304330
43294329
43284328
43274327
43264326
43254325
43244324
43234323
43224322
43214321
43204320
43194319
43184318
43174317
43164316
43154315
43144314
43134313
43124312
43114311
43104310
43094309
43084308
43074307
43064306
43054305
43044304
43034303
43024302
43014301
43004300
42994299
42984298
42974297
42964296
42954295
42944294
42934293
42924292
42914291
42904290
42894289
42884288
42874287
42864286
42854285
42844284
42834283
42824282
42814281
42804280
42794279
42784278
42774277
42764276
42754275
42744274
42734273
42724272
42714271
42704270
42694269
42684268
42674267
42664266
42654265
42644264
42634263
42624262
42614261
42604260
42594259
42584258
42574257
42564256
42554255
42544254
42534253
42524252
42514251
42504250
42494249
42484248
42474247
42464246
42454245
42444244
42434243
42424242
42414241
42404240
42394239
42384238
42374237
42364236
42354235
42344234
42334233
42324232
42314231
42304230
42294229
42284228
42274227
42264226
42254225
42244224
42234223
42224222
42214221
42204220
42194219
42184218
42174217
42164216
42154215
42144214
42134213
42124212
42114211
42104210
42094209
42084208
42074207
42064206
42054205
42044204
42034203
42024202
42014201
42004200
41994199
41984198
41974197
41964196
41954195
41944194
41934193
41924192
41914191
41904190
41894189
41884188
41874187
41864186
41854185
41844184
41834183
41824182
41814181
41804180
41794179
41784178
41774177
41764176
41754175
41744174
41734173
41724172
41714171
41704170
41694169
41684168
41674167
41664166
41654165
41644164
41634163
41624162
41614161
41604160
41594159
41584158
41574157
41564156
41554155
41544154
41534153
41524152
41514151
41504150
41494149
41484148
41474147
41464146
41454145
41444144
41434143
41424142
41414141
41404140
41394139
41384138
41374137
41364136
41354135
41344134
41334133
41324132
41314131
41304130
41294129
41284128
41274127
41264126
41254125
41244124
41234123
41224122
41214121
41204120
41194119
41184118
41174117
41164116
41154115
41144114
41134113
41124112
41114111
41104110
41094109
41084108
41074107
41064106
41054105
41044104
41034103
41024102
41014101
41004100
40994099
40984098
40974097
40964096
40954095
40944094
40934093
40924092
40914091
40904090
40894089
40884088
40874087
40864086
40854085
40844084
40834083
40824082
40814081
40804080
40794079
40784078
40774077
40764076
40754075
40744074
40734073
40724072
40714071
40704070
40694069
40684068
40674067
40664066
40654065
40644064
40634063
40624062
40614061
40604060
40594059
40584058
40574057
40564056
40554055
40544054
40534053
40524052
40514051
40504050
40494049
40484048
40474047
40464046
40454045
40444044
40434043
40424042
40414041
40404040
40394039
40384038
40374037
40364036
40354035
40344034
40334033
40324032
40314031
40304030
40294029
40284028
40274027
40264026
40254025
40244024
40234023
40224022
40214021
40204020
40194019
40184018
40174017
40164016
40154015
40144014
40134013
40124012
40114011
40104010
40094009
40084008
40074007
40064006
40054005
40044004
40034003
40024002
40014001
40004000
39993999
39983998
39973997
39963996
39953995
39943994
39933993
39923992
39913991
39903990
39893989
39883988
39873987
39863986
39853985
39843984
39833983
39823982
39813981
39803980
39793979
39783978
39773977
39763976
39753975
39743974
39733973
39723972
39713971
39703970
39693969
39683968
39673967
39663966
39653965
39643964
39633963
39623962
39613961
39603960
39593959
39583958
39573957
39563956
39553955
39543954
39533953
39523952
39513951
39503950
39493949
39483948
39473947
39463946
39453945
39443944
39433943
39423942
39413941
39403940
39393939
39383938
39373937
39363936
39353935
39343934
39333933
39323932
39313931
39303930
39293929
39283928
39273927
39263926
39253925
39243924
39233923
39223922
39213921
39203920
39193919
39183918
39173917
39163916
39153915
39143914
39133913
39123912
39113911
39103910
39093909
39083908
39073907
39063906
39053905
39043904
39033903
39023902
39013901
39003900
38993899
38983898
38973897
38963896
38953895
38943894
38933893
38923892
38913891
38903890
38893889
38883888
38873887
38863886
38853885
38843884
38833883
38823882
38813881
38803880
38793879
38783878
38773877
38763876
38753875
38743874
38733873
38723872
38713871
38703870
38693869
38683868
38673867
38663866
38653865
38643864
38633863
38623862
38613861
38603860
38593859
38583858
38573857
38563856
38553855
38543854
38533853
38523852
38513851
38503850
38493849
38483848
38473847
38463846
38453845
38443844
38433843
38423842
38413841
38403840
38393839
38383838
38373837
38363836
38353835
38343834
38333833
38323832
38313831
38303830
38293829
38283828
38273827
38263826
38253825
38243824
38233823
38223822
38213821
38203820
38193819
38183818
38173817
38163816
38153815
38143814
38133813
38123812
38113811
38103810
38093809
38083808
38073807
38063806
38053805
38043804
38033803
38023802
38013801
38003800
37993799
37983798
37973797
37963796
37953795
37943794
37933793
37923792
37913791
37903790
37893789
37883788
37873787
37863786
37853785
37843784
37833783
37823782
37813781
37803780
37793779
37783778
37773777
37763776
37753775
37743774
37733773
37723772
37713771
37703770
37693769
37683768
37673767
37663766
37653765
37643764
37633763
37623762
37613761
37603760
37593759
37583758
37573757
37563756
37553755
37543754
37533753
37523752
37513751
37503750
37493749
37483748
37473747
37463746
37453745
37443744
37433743
37423742
37413741
37403740
37393739
37383738
37373737
37363736
37353735
37343734
37333733
37323732
37313731
37303730
37293729
37283728
37273727
37263726
37253725
37243724
37233723
37223722
37213721
37203720
37193719
37183718
37173717
37163716
37153715
37143714
37133713
37123712
37113711
37103710
37093709
37083708
37073707
37063706
37053705
37043704
37033703
37023702
37013701
37003700
36993699
36983698
36973697
36963696
36953695
36943694
36933693
36923692
36913691
36903690
36893689
36883688
36873687
36863686
36853685
36843684
36833683
36823682
36813681
36803680
36793679
36783678
36773677
36763676
36753675
36743674
36733673
36723672
36713671
36703670
36693669
36683668
36673667
36663666
36653665
36643664
36633663
36623662
36613661
36603660
36593659
36583658
36573657
36563656
36553655
36543654
36533653
36523652
36513651
36503650
36493649
36483648
36473647
36463646
36453645
36443644
36433643
36423642
36413641
36403640
36393639
36383638
36373637
36363636
36353635
36343634
36333633
36323632
36313631
36303630
36293629
36283628
36273627
36263626
36253625
36243624
36233623
36223622
36213621
36203620
36193619
36183618
36173617
36163616
36153615
36143614
36133613
36123612
36113611
36103610
36093609
36083608
36073607
36063606
36053605
36043604
36033603
36023602
36013601
36003600
35993599
35983598
35973597
35963596
35953595
35943594
35933593
35923592
35913591
35903590
35893589
35883588
35873587
35863586
35853585
35843584
35833583
35823582
35813581
35803580
35793579
35783578
35773577
35763576
35753575
35743574
35733573
35723572
35713571
35703570
35693569
35683568
35673567
35663566
35653565
35643564
35633563
35623562
35613561
35603560
35593559
35583558
35573557
35563556
35553555
35543554
35533553
35523552
35513551
35503550
35493549
35483548
35473547
35463546
35453545
35443544
35433543
35423542
35413541
35403540
35393539
35383538
35373537
35363536
35353535
35343534
35333533
35323532
35313531
35303530
35293529
35283528
35273527
35263526
35253525
35243524
35233523
35223522
35213521
35203520
35193519
35183518
35173517
35163516
35153515
35143514
35133513
35123512
35113511
35103510
35093509
35083508
35073507
35063506
35053505
35043504
35033503
35023502
35013501
35003500
34993499
34983498
34973497
34963496
34953495
34943494
34933493
34923492
34913491
34903490
34893489
34883488
34873487
34863486
34853485
34843484
34833483
34823482
34813481
34803480
34793479
34783478
34773477
34763476
34753475
34743474
34733473
34723472
34713471
34703470
34693469
34683468
34673467
34663466
34653465
34643464
34633463
34623462
34613461
34603460
34593459
34583458
34573457
34563456
34553455
34543454
34533453
34523452
34513451
34503450
34493449
34483448
34473447
34463446
34453445
34443444
34433443
34423442
34413441
34403440
34393439
34383438
34373437
34363436
34353435
34343434
34333433
34323432
34313431
34303430
34293429
34283428
34273427
34263426
34253425
34243424
34233423
34223422
34213421
34203420
34193419
34183418
34173417
34163416
34153415
34143414
34133413
34123412
34113411
34103410
34093409
34083408
34073407
34063406
34053405
34043404
34033403
34023402
34013401
34003400
33993399
33983398
33973397
33963396
33953395
33943394
33933393
33923392
33913391
33903390
33893389
33883388
33873387
33863386
33853385
33843384
33833383
33823382
33813381
33803380
33793379
33783378
33773377
33763376
33753375
33743374
33733373
33723372
33713371
33703370
33693369
33683368
33673367
33663366
33653365
33643364
33633363
33623362
33613361
33603360
33593359
33583358
33573357
33563356
33553355
33543354
33533353
33523352
33513351
33503350
33493349
33483348
33473347
33463346
33453345
33443344
33433343
33423342
33413341
33403340
33393339
33383338
33373337
33363336
33353335
33343334
33333333
33323332
33313331
33303330
33293329
33283328
33273327
33263326
33253325
33243324
33233323
33223322
33213321
33203320
33193319
33183318
33173317
33163316
33153315
33143314
33133313
33123312
33113311
33103310
33093309
33083308
33073307
33063306
33053305
33043304
33033303
33023302
33013301
33003300
32993299
32983298
32973297
32963296
32953295
32943294
32933293
32923292
32913291
32903290
32893289
32883288
32873287
32863286
32853285
32843284
32833283
32823282
32813281
32803280
32793279
32783278
32773277
32763276
32753275
32743274
32733273
32723272
32713271
32703270
32693269
32683268
32673267
32663266
32653265
32643264
32633263
32623262
32613261
32603260
32593259
32583258
32573257
32563256
32553255
32543254
32533253
32523252
32513251
32503250
32493249
32483248
32473247
32463246
32453245
32443244
32433243
32423242
32413241
32403240
32393239
32383238
32373237
32363236
32353235
32343234
32333233
32323232
32313231
32303230
32293229
32283228
32273227
32263226
32253225
32243224
32233223
32223222
32213221
32203220
32193219
32183218
32173217
32163216
32153215
32143214
32133213
32123212
32113211
32103210
32093209
32083208
32073207
32063206
32053205
32043204
32033203
32023202
32013201
32003200
31993199
31983198
31973197
31963196
31953195
31943194
31933193
31923192
31913191
31903190
31893189
31883188
31873187
31863186
31853185
31843184
31833183
31823182
31813181
31803180
31793179
31783178
31773177
31763176
31753175
31743174
31733173
31723172
31713171
31703170
31693169
31683168
31673167
31663166
31653165
31643164
31633163
31623162
31613161
31603160
31593159
31583158
31573157
31563156
31553155
31543154
31533153
31523152
31513151
31503150
31493149
31483148
31473147
31463146
31453145
31443144
31433143
31423142
31413141
31403140
31393139
31383138
31373137
31363136
31353135
31343134
31333133
31323132
31313131
31303130
31293129
31283128
31273127
31263126
31253125
31243124
31233123
31223122
31213121
31203120
31193119
31183118
31173117
31163116
31153115
31143114
31133113
31123112
31113111
31103110
31093109
31083108
31073107
31063106
31053105
31043104
31033103
31023102
31013101
31003100
30993099
30983098
30973097
30963096
30953095
30943094
30933093
30923092
30913091
30903090
30893089
30883088
30873087
30863086
30853085
30843084
30833083
30823082
30813081
30803080
30793079
30783078
30773077
30763076
30753075
30743074
30733073
30723072
30713071
30703070
30693069
30683068
30673067
30663066
30653065
30643064
30633063
30623062
30613061
30603060
30593059
30583058
30573057
30563056
30553055
30543054
30533053
30523052
30513051
30503050
30493049
30483048
30473047
30463046
30453045
30443044
30433043
30423042
30413041
30403040
30393039
30383038
30373037
30363036
30353035
30343034
30333033
30323032
30313031
30303030
30293029
30283028
30273027
30263026
30253025
30243024
30233023
30223022
30213021
30203020
30193019
30183018
30173017
30163016
30153015
30143014
30133013
30123012
30113011
30103010
30093009
30083008
30073007
30063006
30053005
30043004
30033003
30023002
30013001
30003000
29992999
29982998
29972997
29962996
29952995
29942994
29932993
29922992
29912991
29902990
29892989
29882988
29872987
29862986
29852985
29842984
29832983
29822982
29812981
29802980
29792979
29782978
29772977
29762976
29752975
29742974
29732973
29722972
29712971
29702970
29692969
29682968
29672967
29662966
29652965
29642964
29632963
29622962
29612961
29602960
29592959
29582958
29572957
29562956
29552955
29542954
29532953
29522952
29512951
29502950
29492949
29482948
29472947
29462946
29452945
29442944
29432943
29422942
29412941
29402940
29392939
29382938
29372937
29362936
29352935
29342934
29332933
29322932
29312931
29302930
29292929
29282928
29272927
29262926
29252925
29242924
29232923
29222922
29212921
29202920
29192919
29182918
29172917
29162916
29152915
29142914
29132913
29122912
29112911
29102910
29092909
29082908
29072907
29062906
29052905
29042904
29032903
29022902
29012901
29002900
28992899
28982898
28972897
28962896
28952895
28942894
28932893
28922892
28912891
28902890
28892889
28882888
28872887
28862886
28852885
28842884
28832883
28822882
28812881
28802880
28792879
28782878
28772877
28762876
28752875
28742874
28732873
28722872
28712871
28702870
28692869
28682868
28672867
28662866
28652865
28642864
28632863
28622862
28612861
28602860
28592859
28582858
28572857
28562856
28552855
28542854
28532853
28522852
28512851
28502850
28492849
28482848
28472847
28462846
28452845
28442844
28432843
28422842
28412841
28402840
28392839
28382838
28372837
28362836
28352835
28342834
28332833
28322832
28312831
28302830
28292829
28282828
28272827
28262826
28252825
28242824
28232823
28222822
28212821
28202820
28192819
28182818
28172817
28162816
28152815
28142814
28132813
28122812
28112811
28102810
28092809
28082808
28072807
28062806
28052805
28042804
28032803
28022802
28012801
28002800
27992799
27982798
27972797
27962796
27952795
27942794
27932793
27922792
27912791
27902790
27892789
27882788
27872787
27862786
27852785
27842784
27832783
27822782
27812781
27802780
27792779
27782778
27772777
27762776
27752775
27742774
27732773
27722772
27712771
27702770
27692769
27682768
27672767
27662766
27652765
27642764
27632763
27622762
27612761
27602760
27592759
27582758
27572757
27562756
27552755
27542754
27532753
27522752
27512751
27502750
27492749
27482748
27472747
27462746
27452745
27442744
27432743
27422742
27412741
27402740
27392739
27382738
27372737
27362736
27352735
27342734
27332733
27322732
27312731
27302730
27292729
27282728
27272727
27262726
27252725
27242724
27232723
27222722
27212721
27202720
27192719
27182718
27172717
27162716
27152715
27142714
27132713
27122712
27112711
27102710
27092709
27082708
27072707
27062706
27052705
27042704
27032703
27022702
27012701
27002700
26992699
26982698
26972697
26962696
26952695
26942694
26932693
26922692
26912691
26902690
26892689
26882688
26872687
26862686
26852685
26842684
26832683
26822682
26812681
26802680
26792679
26782678
26772677
26762676
26752675
26742674
26732673
26722672
26712671
26702670
26692669
26682668
26672667
26662666
26652665
26642664
26632663
26622662
26612661
26602660
26592659
26582658
26572657
26562656
26552655
26542654
26532653
26522652
26512651
26502650
26492649
26482648
26472647
26462646
26452645
26442644
26432643
26422642
26412641
26402640
26392639
26382638
26372637
26362636
26352635
26342634
26332633
26322632
26312631
26302630
26292629
26282628
26272627
26262626
26252625
26242624
26232623
26222622
26212621
26202620
26192619
26182618
26172617
26162616
26152615
26142614
26132613
26122612
26112611
26102610
26092609
26082608
26072607
26062606
26052605
26042604
26032603
26022602
26012601
26002600
25992599
25982598
25972597
25962596
25952595
25942594
25932593
25922592
25912591
25902590
25892589
25882588
25872587
25862586
25852585
25842584
25832583
25822582
25812581
25802580
25792579
25782578
25772577
25762576
25752575
25742574
25732573
25722572
25712571
25702570
25692569
25682568
25672567
25662566
25652565
25642564
25632563
25622562
25612561
25602560
25592559
25582558
25572557
25562556
25552555
25542554
25532553
25522552
25512551
25502550
25492549
25482548
25472547
25462546
25452545
25442544
25432543
25422542
25412541
25402540
25392539
25382538
25372537
25362536
25352535
25342534
25332533
25322532
25312531
25302530
25292529
25282528
25272527
25262526
25252525
25242524
25232523
25222522
25212521
25202520
25192519
25182518
25172517
25162516
25152515
25142514
25132513
25122512
25112511
25102510
25092509
25082508
25072507
25062506
25052505
25042504
25032503
25022502
25012501
25002500
24992499
24982498
24972497
24962496
24952495
24942494
24932493
24922492
24912491
24902490
24892489
24882488
24872487
24862486
24852485
24842484
24832483
24822482
24812481
24802480
24792479
24782478
24772477
24762476
24752475
24742474
24732473
24722472
24712471
24702470
24692469
24682468
24672467
24662466
24652465
24642464
24632463
24622462
24612461
24602460
24592459
24582458
24572457
24562456
24552455
24542454
24532453
24522452
24512451
24502450
24492449
24482448
24472447
24462446
24452445
24442444
24432443
24422442
24412441
24402440
24392439
24382438
24372437
24362436
24352435
24342434
24332433
24322432
24312431
24302430
24292429
24282428
24272427
24262426
24252425
24242424
24232423
24222422
24212421
24202420
24192419
24182418
24172417
24162416
24152415
24142414
24132413
24122412
24112411
24102410
24092409
24082408
24072407
24062406
24052405
24042404
24032403
24022402
24012401
24002400
23992399
23982398
23972397
23962396
23952395
23942394
23932393
23922392
23912391
23902390
23892389
23882388
23872387
23862386
23852385
23842384
23832383
23822382
23812381
23802380
23792379
23782378
23772377
23762376
23752375
23742374
23732373
23722372
23712371
23702370
23692369
23682368
23672367
23662366
23652365
23642364
23632363
23622362
23612361
23602360
23592359
23582358
23572357
23562356
23552355
23542354
23532353
23522352
23512351
23502350
23492349
23482348
23472347
23462346
23452345
23442344
23432343
23422342
23412341
23402340
23392339
23382338
23372337
23362336
23352335
23342334
23332333
23322332
23312331
23302330
23292329
23282328
23272327
23262326
23252325
23242324
23232323
23222322
23212321
23202320
23192319
23182318
23172317
23162316
23152315
23142314
23132313
23122312
23112311
23102310
23092309
23082308
23072307
23062306
23052305
23042304
23032303
23022302
23012301
23002300
22992299
22982298
22972297
22962296
22952295
22942294
22932293
22922292
22912291
22902290
22892289
22882288
22872287
22862286
22852285
22842284
22832283
22822282
22812281
22802280
22792279
22782278
22772277
22762276
22752275
22742274
22732273
22722272
22712271
22702270
22692269
22682268
22672267
22662266
22652265
22642264
22632263
22622262
22612261
22602260
22592259
22582258
22572257
22562256
22552255
22542254
22532253
22522252
22512251
22502250
22492249
22482248
22472247
22462246
22452245
22442244
22432243
22422242
22412241
22402240
22392239
22382238
22372237
22362236
22352235
22342234
22332233
22322232
22312231
22302230
22292229
22282228
22272227
22262226
22252225
22242224
22232223
22222222
22212221
22202220
22192219
22182218
22172217
22162216
22152215
22142214
22132213
22122212
22112211
22102210
22092209
22082208
22072207
22062206
22052205
22042204
22032203
22022202
22012201
22002200
21992199
21982198
21972197
21962196
21952195
21942194
21932193
21922192
21912191
21902190
21892189
21882188
21872187
21862186
21852185
21842184
21832183
21822182
21812181
21802180
21792179
21782178
21772177
21762176
21752175
21742174
21732173
21722172
21712171
21702170
21692169
21682168
21672167
21662166
21652165
21642164
21632163
21622162
21612161
21602160
21592159
21582158
21572157
21562156
21552155
21542154
21532153
21522152
21512151
21502150
21492149
21482148
21472147
21462146
21452145
21442144
21432143
21422142
21412141
21402140
21392139
21382138
21372137
21362136
21352135
21342134
21332133
21322132
21312131
21302130
21292129
21282128
21272127
21262126
21252125
21242124
21232123
21222122
21212121
21202120
21192119
21182118
21172117
21162116
21152115
21142114
21132113
21122112
21112111
21102110
21092109
21082108
21072107
21062106
21052105
21042104
21032103
21022102
21012101
21002100
20992099
20982098
20972097
20962096
20952095
20942094
20932093
20922092
20912091
20902090
20892089
20882088
20872087
20862086
20852085
20842084
20832083
20822082
20812081
20802080
20792079
20782078
20772077
20762076
20752075
20742074
20732073
20722072
20712071
20702070
20692069
20682068
20672067
20662066
20652065
20642064
20632063
20622062
20612061
20602060
20592059
20582058
20572057
20562056
20552055
20542054
20532053
20522052
20512051
20502050
20492049
20482048
20472047
20462046
20452045
20442044
20432043
20422042
20412041
20402040
20392039
20382038
20372037
20362036
20352035
20342034
20332033
20322032
20312031
20302030
20292029
20282028
20272027
20262026
20252025
20242024
20232023
20222022
20212021
20202020
20192019
20182018
20172017
20162016
20152015
20142014
20132013
20122012
20112011
20102010
20092009
20082008
20072007
20062006
20052005
20042004
20032003
20022002
20012001
20002000
19991999
19981998
19971997
19961996
19951995
19941994
19931993
19921992
19911991
19901990
19891989
19881988
19871987
19861986
19851985
19841984
19831983
19821982
19811981
19801980
19791979
19781978
19771977
19761976
19751975
19741974
19731973
19721972
19711971
19701970
19691969
19681968
19671967
19661966
19651965
19641964
19631963
19621962
19611961
19601960
19591959
19581958
19571957
19561956
19551955
19541954
19531953
19521952
19511951
19501950
19491949
19481948
19471947
19461946
19451945
19441944
19431943
19421942
19411941
19401940
19391939
19381938
19371937
19361936
19351935
19341934
19331933
19321932
19311931
19301930
19291929
19281928
19271927
19261926
19251925
19241924
19231923
19221922
19211921
19201920
19191919
19181918
19171917
19161916
19151915
19141914
19131913
19121912
19111911
19101910
19091909
19081908
19071907
19061906
19051905
19041904
19031903
19021902
19011901
19001900
18991899
18981898
18971897
18961896
18951895
18941894
18931893
18921892
18911891
18901890
18891889
18881888
18871887
18861886
18851885
18841884
18831883
18821882
18811881
18801880
18791879
18781878
18771877
18761876
18751875
18741874
18731873
18721872
18711871
18701870
18691869
18681868
18671867
18661866
18651865
18641864
18631863
18621862
18611861
18601860
18591859
18581858
18571857
18561856
18551855
18541854
18531853
18521852
18511851
18501850
18491849
18481848
18471847
18461846
18451845
18441844
18431843
18421842
18411841
18401840
18391839
18381838
18371837
18361836
18351835
18341834
18331833
18321832
18311831
18301830
18291829
18281828
18271827
18261826
18251825
18241824
18231823
18221822
18211821
18201820
18191819
18181818
18171817
18161816
18151815
18141814
18131813
18121812
18111811
18101810
18091809
18081808
18071807
18061806
18051805
18041804
18031803
18021802
18011801
18001800
17991799
17981798
17971797
17961796
17951795
17941794
17931793
17921792
17911791
17901790
17891789
17881788
17871787
17861786
17851785
17841784
17831783
17821782
17811781
17801780
17791779
17781778
17771777
17761776
17751775
17741774
17731773
17721772
17711771
17701770
17691769
17681768
17671767
17661766
17651765
17641764
17631763
17621762
17611761
17601760
17591759
17581758
17571757
17561756
17551755
17541754
17531753
17521752
17511751
17501750
17491749
17481748
17471747
17461746
17451745
17441744
17431743
17421742
17411741
17401740
17391739
17381738
17371737
17361736
17351735
17341734
17331733
17321732
17311731
17301730
17291729
17281728
17271727
17261726
17251725
17241724
17231723
17221722
17211721
17201720
17191719
17181718
17171717
17161716
17151715
17141714
17131713
17121712
17111711
17101710
17091709
17081708
17071707
17061706
17051705
17041704
17031703
17021702
17011701
17001700
16991699
16981698
16971697
16961696
16951695
16941694
16931693
16921692
16911691
16901690
16891689
16881688
16871687
16861686
16851685
16841684
16831683
16821682
16811681
16801680
16791679
16781678
16771677
16761676
16751675
16741674
16731673
16721672
16711671
16701670
16691669
16681668
16671667
16661666
16651665
16641664
16631663
16621662
16611661
16601660
16591659
16581658
16571657
16561656
16551655
16541654
16531653
16521652
16511651
16501650
16491649
16481648
16471647
16461646
16451645
16441644
16431643
16421642
16411641
16401640
16391639
16381638
16371637
16361636
16351635
16341634
16331633
16321632
16311631
16301630
16291629
16281628
16271627
16261626
16251625
16241624
16231623
16221622
16211621
16201620
16191619
16181618
16171617
16161616
16151615
16141614
16131613
16121612
16111611
16101610
16091609
16081608
16071607
16061606
16051605
16041604
16031603
16021602
16011601
16001600
15991599
15981598
15971597
15961596
15951595
15941594
15931593
15921592
15911591
15901590
15891589
15881588
15871587
15861586
15851585
15841584
15831583
15821582
15811581
15801580
15791579
15781578
15771577
15761576
15751575
15741574
15731573
15721572
15711571
15701570
15691569
15681568
15671567
15661566
15651565
15641564
15631563
15621562
15611561
15601560
15591559
15581558
15571557
15561556
15551555
15541554
15531553
15521552
15511551
15501550
15491549
15481548
15471547
15461546
15451545
15441544
15431543
15421542
15411541
15401540
15391539
15381538
15371537
15361536
15351535
15341534
15331533
15321532
15311531
15301530
15291529
15281528
15271527
15261526
15251525
15241524
15231523
15221522
15211521
15201520
15191519
15181518
15171517
15161516
15151515
15141514
15131513
15121512
15111511
15101510
15091509
15081508
15071507
15061506
15051505
15041504
15031503
15021502
15011501
15001500
14991499
14981498
14971497
14961496
14951495
14941494
14931493
14921492
14911491
14901490
14891489
14881488
14871487
14861486
14851485
14841484
14831483
14821482
14811481
14801480
14791479
14781478
14771477
14761476
14751475
14741474
14731473
14721472
14711471
14701470
14691469
14681468
14671467
14661466
14651465
14641464
14631463
14621462
14611461
14601460
14591459
14581458
14571457
14561456
14551455
14541454
14531453
14521452
14511451
14501450
14491449
14481448
14471447
14461446
14451445
14441444
14431443
14421442
14411441
14401440
14391439
14381438
14371437
14361436
14351435
14341434
14331433
14321432
14311431
14301430
14291429
14281428
14271427
14261426
14251425
14241424
14231423
14221422
14211421
14201420
14191419
14181418
14171417
14161416
14151415
14141414
14131413
14121412
14111411
14101410
14091409
14081408
14071407
14061406
14051405
14041404
14031403
14021402
14011401
14001400
13991399
13981398
13971397
13961396
13951395
13941394
13931393
13921392
13911391
13901390
13891389
13881388
13871387
13861386
13851385
13841384
13831383
13821382
13811381
13801380
13791379
13781378
13771377
13761376
13751375
13741374
13731373
13721372
13711371
13701370
13691369
13681368
13671367
13661366
13651365
13641364
13631363
13621362
13611361
13601360
13591359
13581358
13571357
13561356
13551355
13541354
13531353
13521352
13511351
13501350
13491349
13481348
13471347
13461346
13451345
13441344
13431343
13421342
13411341
13401340
13391339
13381338
13371337
13361336
13351335
13341334
13331333
13321332
13311331
13301330
13291329
13281328
13271327
13261326
13251325
13241324
13231323
13221322
13211321
13201320
13191319
13181318
13171317
13161316
13151315
13141314
13131313
13121312
13111311
13101310
13091309
13081308
13071307
13061306
13051305
13041304
13031303
13021302
13011301
13001300
12991299
12981298
12971297
12961296
12951295
12941294
12931293
12921292
12911291
12901290
12891289
12881288
12871287
12861286
12851285
12841284
12831283
12821282
12811281
12801280
12791279
12781278
12771277
12761276
12751275
12741274
12731273
12721272
12711271
12701270
12691269
12681268
12671267
12661266
12651265
12641264
12631263
12621262
12611261
12601260
12591259
12581258
12571257
12561256
12551255
12541254
12531253
12521252
12511251
12501250
12491249
12481248
12471247
12461246
12451245
12441244
12431243
12421242
12411241
12401240
12391239
12381238
12371237
12361236
12351235
12341234
12331233
12321232
12311231
12301230
12291229
12281228
12271227
12261226
12251225
12241224
12231223
12221222
12211221
12201220
12191219
12181218
12171217
12161216
12151215
12141214
12131213
12121212
12111211
12101210
12091209
12081208
12071207
12061206
12051205
12041204
12031203
12021202
12011201
12001200
11991199
11981198
11971197
11961196
11951195
11941194
11931193
11921192
11911191
11901190
11891189
11881188
11871187
11861186
11851185
11841184
11831183
11821182
11811181
11801180
11791179
11781178
11771177
11761176
11751175
11741174
11731173
11721172
11711171
11701170
11691169
11681168
11671167
11661166
11651165
11641164
11631163
11621162
11611161
11601160
11591159
11581158
11571157
11561156
11551155
11541154
11531153
11521152
11511151
11501150
11491149
11481148
11471147
11461146
11451145
11441144
11431143
11421142
11411141
11401140
11391139
11381138
11371137
11361136
11351135
11341134
11331133
11321132
11311131
11301130
11291129
11281128
11271127
11261126
11251125
11241124
11231123
11221122
11211121
11201120
11191119
11181118
11171117
11161116
11151115
11141114
11131113
11121112
11111111
11101110
11091109
11081108
11071107
11061106
11051105
11041104
11031103
11021102
11011101
11001100
10991099
10981098
10971097
10961096
10951095
10941094
10931093
10921092
10911091
10901090
10891089
10881088
10871087
10861086
10851085
10841084
10831083
10821082
10811081
10801080
10791079
10781078
10771077
10761076
10751075
10741074
10731073
10721072
10711071
10701070
10691069
10681068
10671067
10661066
10651065
10641064
10631063
10621062
10611061
10601060
10591059
10581058
10571057
10561056
10551055
10541054
10531053
10521052
10511051
10501050
10491049
10481048
10471047
10461046
10451045
10441044
10431043
10421042
10411041
10401040
10391039
10381038
10371037
10361036
10351035
10341034
10331033
10321032
10311031
10301030
10291029
10281028
10271027
10261026
10251025
10241024
10231023
10221022
10211021
10201020
10191019
10181018
10171017
10161016
10151015
10141014
10131013
10121012
10111011
10101010
10091009
10081008
10071007
10061006
10051005
10041004
10031003
10021002
10011001
10001000
9990999
9980998
9970997
9960996
9950995
9940994
9930993
9920992
9910991
9900990
9890989
9880988
9870987
9860986
9850985
9840984
9830983
9820982
9810981
9800980
9790979
9780978
9770977
9760976
9750975
9740974
9730973
9720972
9710971
9700970
9690969
9680968
9670967
9660966
9650965
9640964
9630963
9620962
9610961
9600960
9590959
9580958
9570957
9560956
9550955
9540954
9530953
9520952
9510951
9500950
9490949
9480948
9470947
9460946
9450945
9440944
9430943
9420942
9410941
9400940
9390939
9380938
9370937
9360936
9350935
9340934
9330933
9320932
9310931
9300930
9290929
9280928
9270927
9260926
9250925
9240924
9230923
9220922
9210921
9200920
9190919
9180918
9170917
9160916
9150915
9140914
9130913
9120912
9110911
9100910
9090909
9080908
9070907
9060906
9050905
9040904
9030903
9020902
9010901
9000900
8990899
8980898
8970897
8960896
8950895
8940894
8930893
8920892
8910891
8900890
8890889
8880888
8870887
8860886
8850885
8840884
8830883
8820882
8810881
8800880
8790879
8780878
8770877
8760876
8750875
8740874
8730873
8720872
8710871
8700870
8690869
8680868
8670867
8660866
8650865
8640864
8630863
8620862
8610861
8600860
8590859
8580858
8570857
8560856
8550855
8540854
8530853
8520852
8510851
8500850
8490849
8480848
8470847
8460846
8450845
8440844
8430843
8420842
8410841
8400840
8390839
8380838
8370837
8360836
8350835
8340834
8330833
8320832
8310831
8300830
8290829
8280828
8270827
8260826
8250825
8240824
8230823
8220822
8210821
8200820
8190819
8180818
8170817
8160816
8150815
8140814
8130813
8120812
8110811
8100810
8090809
8080808
8070807
8060806
8050805
8040804
8030803
8020802
8010801
8000800
7990799
7980798
7970797
7960796
7950795
7940794
7930793
7920792
7910791
7900790
7890789
7880788
7870787
7860786
7850785
7840784
7830783
7820782
7810781
7800780
7790779
7780778
7770777
7760776
7750775
7740774
7730773
7720772
7710771
7700770
7690769
7680768
7670767
7660766
7650765
7640764
7630763
7620762
7610761
7600760
7590759
7580758
7570757
7560756
7550755
7540754
7530753
7520752
7510751
7500750
7490749
7480748
7470747
7460746
7450745
7440744
7430743
7420742
7410741
7400740
7390739
7380738
7370737
7360736
7350735
7340734
7330733
7320732
7310731
7300730
7290729
7280728
7270727
7260726
7250725
7240724
7230723
7220722
7210721
7200720
7190719
7180718
7170717
7160716
7150715
7140714
7130713
7120712
7110711
7100710
7090709
7080708
7070707
7060706
7050705
7040704
7030703
7020702
7010701
7000700
6990699
6980698
6970697
6960696
6950695
6940694
6930693
6920692
6910691
6900690
6890689
6880688
6870687
6860686
6850685
6840684
6830683
6820682
6810681
6800680
6790679
6780678
6770677
6760676
6750675
6740674
6730673
6720672
6710671
6700670
6690669
6680668
6670667
6660666
6650665
6640664
6630663
6620662
6610661
6600660
6590659
6580658
6570657
6560656
6550655
6540654
6530653
6520652
6510651
6500650
6490649
6480648
6470647
6460646
6450645
6440644
6430643
6420642
6410641
6400640
6390639
6380638
6370637
6360636
6350635
6340634
6330633
6320632
6310631
6300630
6290629
6280628
6270627
6260626
6250625
6240624
6230623
6220622
6210621
6200620
6190619
6180618
6170617
6160616
6150615
6140614
6130613
6120612
6110611
6100610
6090609
6080608
6070607
6060606
6050605
6040604
6030603
6020602
6010601
6000600
5990599
5980598
5970597
5960596
5950595
5940594
5930593
5920592
5910591
5900590
5890589
5880588
5870587
5860586
5850585
5840584
5830583
5820582
5810581
5800580
5790579
5780578
5770577
5760576
5750575
5740574
5730573
5720572
5710571
5700570
5690569
5680568
5670567
5660566
5650565
5640564
5630563
5620562
5610561
5600560
5590559
5580558
5570557
5560556
5550555
5540554
5530553
5520552
5510551
5500550
5490549
5480548
5470547
5460546
5450545
5440544
5430543
5420542
5410541
5400540
5390539
5380538
5370537
5360536
5350535
5340534
5330533
5320532
5310531
5300530
5290529
5280528
5270527
5260526
5250525
5240524
5230523
5220522
5210521
5200520
5190519
5180518
5170517
5160516
5150515
5140514
5130513
5120512
5110511
5100510
5090509
5080508
5070507
5060506
5050505
5040504
5030503
5020502
5010501
5000500
4990499
4980498
4970497
4960496
4950495
4940494
4930493
4920492
4910491
4900490
4890489
4880488
4870487
4860486
4850485
4840484
4830483
4820482
4810481
4800480
4790479
4780478
4770477
4760476
4750475
4740474
4730473
4720472
4710471
4700470
4690469
4680468
4670467
4660466
4650465
4640464
4630463
4620462
4610461
4600460
4590459
4580458
4570457
4560456
4550455
4540454
4530453
4520452
4510451
4500450
4490449
4480448
4470447
4460446
4450445
4440444
4430443
4420442
4410441
4400440
4390439
4380438
4370437
4360436
4350435
4340434
4330433
4320432
4310431
4300430
4290429
4280428
4270427
4260426
4250425
4240424
4230423
4220422
4210421
4200420
4190419
4180418
4170417
4160416
4150415
4140414
4130413
4120412
4110411
4100410
4090409
4080408
4070407
4060406
4050405
4040404
4030403
4020402
4010401
4000400
3990399
3980398
3970397
3960396
3950395
3940394
3930393
3920392
3910391
3900390
3890389
3880388
3870387
3860386
3850385
3840384
3830383
3820382
3810381
3800380
3790379
3780378
3770377
3760376
3750375
3740374
3730373
3720372
3710371
3700370
3690369
3680368
3670367
3660366
3650365
3640364
3630363
3620362
3610361
3600360
3590359
3580358
3570357
3560356
3550355
3540354
3530353
3520352
3510351
3500350
3490349
3480348
3470347
3460346
3450345
3440344
3430343
3420342
3410341
3400340
3390339
3380338
3370337
3360336
3350335
3340334
3330333
3320332
3310331
3300330
3290329
3280328
3270327
3260326
3250325
3240324
3230323
3220322
3210321
3200320
3190319
3180318
3170317
3160316
3150315
3140314
3130313
3120312
3110311
3100310
3090309
3080308
3070307
3060306
3050305
3040304
3030303
3020302
3010301
3000300
2990299
2980298
2970297
2960296
2950295
2940294
2930293
2920292
2910291
2900290
2890289
2880288
2870287
2860286
2850285
2840284
2830283
2820282
2810281
2800280
2790279
2780278
2770277
2760276
2750275
2740274
2730273
2720272
2710271
2700270
2690269
2680268
2670267
2660266
2650265
2640264
2630263
2620262
2610261
2600260
2590259
2580258
2570257
2560256
2550255
2540254
2530253
2520252
2510251
2500250
2490249
2480248
2470247
2460246
2450245
2440244
2430243
2420242
2410241
2400240
2390239
2380238
2370237
2360236
2350235
2340234
2330233
2320232
2310231
2300230
2290229
2280228
2270227
2260226
2250225
2240224
2230223
2220222
2210221
2200220
2190219
2180218
2170217
2160216
2150215
2140214
2130213
2120212
2110211
2100210
2090209
2080208
2070207
2060206
2050205
2040204
2030203
2020202
2010201
2000200
1990199
1980198
1970197
1960196
1950195
1940194
1930193
1920192
1910191
1900190
1890189
1880188
1870187
1860186
1850185
1840184
1830183
1820182
1810181
1800180
1790179
1780178
1770177
1760176
1750175
1740174
1730173
1720172
1710171
1700170
1690169
1680168
1670167
1660166
1650165
1640164
1630163
1620162
1610161
1600160
1590159
1580158
1570157
1560156
1550155
1540154
1530153
1520152
1510151
1500150
1490149
1480148
1470147
1460146
1450145
1440144
1430143
1420142
1410141
1400140
1390139
1380138
1370137
1360136
1350135
1340134
1330133
1320132
1310131
1300130
1290129
1280128
1270127
1260126
1250125
1240124
1230123
1220122
1210121
1200120
1190119
1180118
1170117
1160116
1150115
1140114
1130113
1120112
1110111
1100110
1090109
1080108
1070107
1060106
1050105
1040104
1030103
1020102
1010101
1000100
990099
980098
970097
960096
950095
940094
930093
920092
910091
900090
890089
880088
870087
860086
850085
840084
830083
820082
810081
800080
790079
780078
770077
760076
750075
740074
730073
720072
710071
700070
690069
680068
670067
660066
650065
640064
630063
620062
610061
600060
590059
580058
570057
560056
550055
540054
530053
520052
510051
500050
490049
480048
470047
460046
450045
440044
430043
420042
410041
400040
390039
380038
370037
360036
350035
340034
330033
320032
310031
300030
290029
280028
270027
260026
250025
240024
230023
220022
210021
200020
190019
180018
170017
160016
150015
140014
130013
120012
110011
100010
90009
80008
70007
60006
50005
40004
30003
20002
10001
